BufNew(9)
BufNew(10)
BufNew(11)
BufNew(12)
BufNew(13)
BufNew(14)
BufEnter(13)
  new Mode(n:13)
ModeChanged(n:i)
  new Mode(i:13)
  Unsafe(pending "<80>")
  suspend: Mode(i:13)
Trigger(add) Mode(n:6) ` ' " g` g' z= g <Space> [ <Plug> z ] <C-W>
Trigger(add) Mode(n:13) ` ' " g` g' z= g <Space> [ <Plug> z ] <C-W>
BufNew(15)
on_key: <Up>
BufNew(16)
on_key: <Up>
BufNew(17)
on_key: <Up>
BufNew(18)
on_key: <CR>
BufNew(22)
BufNew(23)
BufNew(24)
BufNew(25)
BufNew(26)
BufNew(27)
BufEnter(26)
  new Mode(n:26)
ModeChanged(n:i)
  new Mode(i:26)
  Unsafe(pending "<80>")
  suspend: Mode(i:26)
Trigger(add) Mode(n:26) ` ' " g` g' z= g <Space> [ <Plug> z ] <C-W>
Trigger(add) Mode(n:19) ` ' " g` g' z= g <Space> [ <Plug> z ] <C-W>
BufNew(28)
on_key: <Up>
BufNew(29)
on_key: <Up>
BufNew(30)
on_key: <Up>
BufNew(31)
on_key: <Up>
BufNew(32)
on_key: <Up>
BufNew(33)
on_key: <Down>
on_key: <CR>
BufNew(37)
BufNew(38)
BufNew(39)
BufNew(40)
BufNew(41)
BufNew(42)
BufEnter(41)
  new Mode(n:41)
ModeChanged(n:i)
  new Mode(i:41)
  Unsafe(pending "<80>")
  suspend: Mode(i:41)
Trigger(add) Mode(n:41) ` ' " g` g' z= g <Space> [ <Plug> z ] <C-W>
Trigger(add) Mode(n:34) ` ' " g` g' z= g <Space> [ <Plug> z ] <C-W>
BufNew(43)
on_key: f
BufNew(44)
on_key: <BS>
on_key: <BS>
on_key: <Up>
BufNew(45)
on_key: <Up>
BufNew(46)
on_key: <Up>
on_key: <Up>
BufNew(47)
on_key: <Up>
BufNew(48)
on_key: <Up>
BufNew(49)
on_key: <Up>
BufNew(50)
on_key: <Up>
BufNew(51)
on_key: <Down>
on_key: <Down>
on_key: <CR>
BufNew(53)
BufNew(54)
BufNew(55)
BufNew(56)
BufNew(57)
BufNew(58)
BufEnter(57)
  new Mode(n:57)
ModeChanged(n:i)
  new Mode(i:57)
  Unsafe(pending "<80>")
  suspend: Mode(i:57)
Trigger(add) Mode(n:57) ` ' " g` g' z= g <Space> [ <Plug> z ] <C-W>
Trigger(add) Mode(n:52) ` ' " g` g' z= g <Space> [ <Plug> z ] <C-W>
BufNew(59)
on_key: o
BufNew(60)
on_key: n
BufNew(61)
on_key: <CR>
BufNew(62)
on_key: w
BufNew(63)
on_key: i
BufNew(64)
on_key: n
on_key: <CR>
BufNew(96)
BufNew(97)
BufNew(98)
BufNew(99)
BufNew(100)
BufNew(101)
BufEnter(100)
  new Mode(n:100)
ModeChanged(n:i)
  new Mode(i:100)
  Unsafe(pending "<80>")
  suspend: Mode(i:100)
Trigger(add) Mode(n:52) ` ' " g` g' z= g <Space> [ <Plug> z ] <C-W>
Trigger(add) Mode(n:100) ` ' " g` g' z= g <Space> [ <Plug> z ] <C-W>
BufNew(102)
on_key: c
BufNew(103)
on_key: o
on_key: n
on_key: f
on_key: <CR>
BufNew(104)
on_key: t
BufNew(105)
on_key: w
BufNew(106)
on_key: i
on_key: <CR>


Debug Started for v3.13.2
new Mode(n:1)
Trigger(add) Mode(n:1) ' ` g` g' z= <Space> g ] [ <C-W> z <Plug>
on_key: p
ModeChanged(n:c)
  new Mode(c:1)
  Unsafe(pending "T")
  suspend: Mode(c:1)
ModeChanged(c:n)
  cooldown
BufNew(3)
BufNew(4)
BufNew(5)
BufNew(6)
BufEnter(5)
  new Mode(n:5)
ModeChanged(n:i)
  new Mode(i:5)
  cooldown
Trigger(add) Mode(n:5) ` ' g` g' z= <Space> g ] [ <C-W> z <Plug>
on_key: <Up>
on_key: <Up>
on_key: <CR>
BufEnter(1)
  new Mode(i:1)


Debug Started for v3.13.2
new Mode(n:1)
Trigger(add) Mode(n:1) ` ' z= g' g` <C-W> <Space> <Plug> z g ] [
on_key: r
ModeChanged(n:c)
  new Mode(c:1)
  Unsafe(pending "T")
  suspend: Mode(c:1)
ModeChanged(c:n)
  cooldown
BufNew(3)
BufNew(4)
BufNew(5)
BufNew(6)
BufNew(7)
BufNew(8)
BufEnter(7)
  new Mode(n:7)
ModeChanged(n:i)
  new Mode(i:7)
  cooldown
Trigger(add) Mode(n:7) ` ' z= g' g` <C-W> <Space> <Plug> z g ] [
BufNew(9)
on_key: <Esc>
BufEnter(1)
  new Mode(i:1)
ModeChanged(i:n)
  Safe(true)
on_key: p
ModeChanged(n:c)
  Unsafe(pending "T")
  suspend: Mode(c:1)
ModeChanged(c:n)
  cooldown
BufNew(10)
BufNew(11)
BufNew(12)
BufNew(13)
BufEnter(12)
  new Mode(n:12)
ModeChanged(n:i)
  new Mode(i:12)
  cooldown
Trigger(add) Mode(n:12) ` ' z= g' g` <C-W> <Space> <Plug> z g ] [
on_key: <Up>
on_key: <CR>
BufEnter(1)


Debug Started for v3.13.2
new Mode(n:1)
Trigger(add) Mode(n:1) ` ' g` g' z= <Plug> g <Space> ] [ <C-W> z
on_key: c
ModeChanged(n:c)
  new Mode(c:1)
  Unsafe(pending "e")
  suspend: Mode(c:1)
ModeChanged(c:n)
  cooldown
BufNew(3)
BufEnter(3)
  new Mode(n:4)
Trigger(add) Mode(n:4) ` ' g` g' z= <Plug> g z <Space> ] [ <C-W>
on_key: <Down>
ModeChanged(n:c)
  new Mode(c:4)
  Unsafe(pending "r")
  suspend: Mode(c:4)
ModeChanged(c:n)
  cooldown
on_key: <Down>
ModeChanged(n:c)
  Unsafe(pending "r")
  suspend: Mode(c:4)
ModeChanged(c:n)
  cooldown
on_key: <Down>
ModeChanged(n:c)
  Unsafe(pending "r")
  suspend: Mode(c:4)
ModeChanged(c:n)
  cooldown
on_key: j
State(start): Mode(n:0) Node(g) { keys = "g" }
  update Mode(n:4)
  continue: g Mode(n:4)
  getchar
  got: j
  suspend: Mode(n:4)
  Trigger(del) Mode(n:4) g` g' z= <Plug> g z <Space> ] [ <C-W> ` '
  feedkeys: Mode(n:4) gj
on_key: g
on_key: j
Trigger(add) Mode(n:4) ` ' g` g' z= <Plug> g z <Space> ] [ <C-W>
on_key: j
State(start): Mode(n:0) Node(g) { keys = "g" }
  update Mode(n:4)
  continue: g Mode(n:4)
  getchar
  got: j
  suspend: Mode(n:4)
  Trigger(del) Mode(n:4) g` g' z= <Plug> g z <Space> ] [ <C-W> ` '
  feedkeys: Mode(n:4) gj
on_key: g
on_key: j
Trigger(add) Mode(n:4) ` ' g` g' z= <Plug> g z <Space> ] [ <C-W>
on_key: j
State(start): Mode(n:0) Node(g) { keys = "g" }
  update Mode(n:4)
  continue: g Mode(n:4)
  getchar
  got: j
  suspend: Mode(n:4)
  Trigger(del) Mode(n:4) g` g' z= <Plug> g z <Space> ] [ <C-W> ` '
  feedkeys: Mode(n:4) gj
on_key: g
on_key: j
Trigger(add) Mode(n:4) ` ' g` g' z= <Plug> g z <Space> ] [ <C-W>
on_key: <CR>
ModeChanged(n:c)
  Unsafe(pending "^U")
  suspend: Mode(c:4)
ModeChanged(c:n)
  cooldown
BufNew(5)
